<?xml version="1.0" encoding="UTF-8"?>
<!-- Generated by org.testng.reporters.JUnitReportReporter -->
<testsuite skipped="0" hostname="Chetuiwk1317" name="com.easy.TestNGCustomReport" tests="1" failures="0" timestamp="18 May 2017 11:02:57 GMT" time="0.004" errors="0">
  <testcase name="f" time="0.004" classname="com.easy.TestNGCustomReport"/>
</testsuite> <!-- com.easy.TestNGCustomReport -->
