<?xml version="1.0" encoding="UTF-8"?>
<!-- Generated by org.testng.reporters.JUnitReportReporter -->
<testsuite skipped="0" hostname="Chetuiwk1317" name="Guru99TakeScreenshot.Guru99TakeScreenshot" tests="1" failures="0" timestamp="18 May 2017 13:49:04 GMT" time="120.701" errors="0">
  <testcase name="testGuru99TakeScreenShot" time="120.701" classname="Guru99TakeScreenshot.Guru99TakeScreenshot"/>
</testsuite> <!-- Guru99TakeScreenshot.Guru99TakeScreenshot -->
