<?xml version="1.0" encoding="UTF-8"?>
<!-- Generated by org.testng.reporters.JUnitReportReporter -->
<testsuite skipped="0" hostname="Chetuiwk1317" name="testNGReport.realTimeReport.TestGuru99RealReport" tests="3" failures="0" timestamp="18 May 2017 12:05:48 GMT" time="0.015" errors="0">
  <testcase name="testRealReportOne" time="0.009" classname="testNGReport.realTimeReport.TestGuru99RealReport"/>
  <testcase name="testRealReportTwo" time="0.002" classname="testNGReport.realTimeReport.TestGuru99RealReport"/>
  <testcase name="testRealReportThree" time="0.004" classname="testNGReport.realTimeReport.TestGuru99RealReport"/>
</testsuite> <!-- testNGReport.realTimeReport.TestGuru99RealReport -->
