<?xml version="1.0" encoding="UTF-8"?>
<!-- Generated by org.testng.reporters.JUnitReportReporter -->
<testsuite skipped="0" hostname="Chetuiwk1317" name="testNGReport.iReporterReport.TestGuru99ForReporter" tests="1" failures="0" timestamp="18 May 2017 12:52:46 GMT" time="105.182" errors="0">
  <testcase name="verifySeleniumBlog" time="105.182" classname="testNGReport.iReporterReport.TestGuru99ForReporter"/>
</testsuite> <!-- testNGReport.iReporterReport.TestGuru99ForReporter -->
