<?xml version="1.0" encoding="UTF-8"?>
<!-- Generated by org.testng.reporters.JUnitReportReporter -->
<testsuite skipped="0" hostname="Chetuiwk1317" name="extent.report.ExtentReport" tests="2" failures="0" timestamp="05 Jun 2017 14:59:53 GMT" time="7.776" errors="0">
  <testcase name="verifySeleniumBlog" time="5.739" classname="extent.report.ExtentReport"/>
  <testcase name="secondTest" time="2.037" classname="extent.report.ExtentReport"/>
</testsuite> <!-- extent.report.ExtentReport -->
